[debug] [2026-03-19T14:07:25.062Z] ----------------------------------------------------------------------
[debug] [2026-03-19T14:07:25.064Z] Command:       C:\Program Files\nodejs\node.exe C:\Users\AROMAL\AppData\Roaming\npm\node_modules\firebase-tools\lib\bin\firebase.js login:add --no-localhost
[debug] [2026-03-19T14:07:25.065Z] CLI Version:   15.11.0
[debug] [2026-03-19T14:07:25.065Z] Platform:      win32
[debug] [2026-03-19T14:07:25.065Z] Node Version:  v24.12.0
[debug] [2026-03-19T14:07:25.065Z] Time:          Thu Mar 19 2026 19:37:25 GMT+0530 (India Standard Time)
[debug] [2026-03-19T14:07:25.065Z] ----------------------------------------------------------------------
[debug] 
[debug] [2026-03-19T14:07:25.226Z] >>> [apiv2][query] POST https://auth.firebase.tools/attest [none]
[debug] [2026-03-19T14:07:25.227Z] >>> [apiv2][body] POST https://auth.firebase.tools/attest {"session_id":"a2ba62c7-c272-4368-bf28-c9a206e071a4"}
[debug] [2026-03-19T14:07:25.992Z] <<< [apiv2][status] POST https://auth.firebase.tools/attest 200
[debug] [2026-03-19T14:07:25.992Z] <<< [apiv2][body] POST https://auth.firebase.tools/attest {"token":"RQLuu9ziPzktJEVSnZOQ94n9SF-kK4h8F6Qb6y0HzO0"}
[info] 
[info] To sign in to the Firebase CLI:
[info] 
[info] 1. Take note of your session ID:
[info] 
[info]    A2BA6
[info] 
[info] 2. Visit the URL below on any device and follow the instructions to get your code:
[info] 
[info]    https://auth.firebase.tools/login?code_challenge=n0YtSjZdib4jsez6nN2FoN_QeUaeaZ56rOFLihXTS-A&session=a2ba62c7-c272-4368-bf28-c9a206e071a4&attest=RQLuu9ziPzktJEVSnZOQ94n9SF-kK4h8F6Qb6y0HzO0
[info] 
[info] 3. Paste or enter the authorization code below once you have it:
[info] 
[debug] [2026-03-19T14:07:49.800Z] ExitPromptError: User force closed the prompt with SIGINT
    at Interface.sigint (C:\Users\AROMAL\AppData\Roaming\npm\node_modules\firebase-tools\node_modules\@inquirer\core\dist\commonjs\lib\create-prompt.js:101:37)
    at Interface.emit (node:events:508:28)
    at [_ttyWrite] [as _ttyWrite] (node:internal/readline/interface:1327:18)
    at ReadStream.onkeypress (node:internal/readline/interface:284:20)
    at ReadStream.emit (node:events:520:35)
    at emitKeys (node:internal/readline/utils:371:14)
    at emitKeys.next (<anonymous>)
    at ReadStream.onData (node:internal/readline/emitKeypressEvents:64:36)
    at ReadStream.emit (node:events:508:28)
    at addChunk (node:internal/streams/readable:559:12)
[error] 
[error] Error: An unexpected error has occurred.
[debug] [2026-03-19T14:33:21.319Z] ----------------------------------------------------------------------
[debug] [2026-03-19T14:33:21.322Z] Command:       C:\Program Files\nodejs\node.exe C:\Users\AROMAL\AppData\Roaming\npm\node_modules\firebase-tools\lib\bin\firebase.js login:add --no-localhost
[debug] [2026-03-19T14:33:21.322Z] CLI Version:   15.11.0
[debug] [2026-03-19T14:33:21.322Z] Platform:      win32
[debug] [2026-03-19T14:33:21.322Z] Node Version:  v24.12.0
[debug] [2026-03-19T14:33:21.323Z] Time:          Thu Mar 19 2026 20:03:21 GMT+0530 (India Standard Time)
[debug] [2026-03-19T14:33:21.323Z] ----------------------------------------------------------------------
[debug] 
[debug] [2026-03-19T14:33:21.473Z] >>> [apiv2][query] POST https://auth.firebase.tools/attest [none]
[debug] [2026-03-19T14:33:21.473Z] >>> [apiv2][body] POST https://auth.firebase.tools/attest {"session_id":"7b0f2237-97f7-4cf6-8792-09e9168feaee"}
[debug] [2026-03-19T14:33:22.113Z] <<< [apiv2][status] POST https://auth.firebase.tools/attest 200
[debug] [2026-03-19T14:33:22.113Z] <<< [apiv2][body] POST https://auth.firebase.tools/attest {"token":"6lgoRlEKiJztLPR8v9GZN16iyG29XbtmCwCVd8NwvvA"}
[info] 
[info] To sign in to the Firebase CLI:
[info] 
[info] 1. Take note of your session ID:
[info] 
[info]    7B0F2
[info] 
[info] 2. Visit the URL below on any device and follow the instructions to get your code:
[info] 
[info]    https://auth.firebase.tools/login?code_challenge=pGYPODlAldXCJoD4DxGYezjSGpTn1b9pCFr-Jb0YlEA&session=7b0f2237-97f7-4cf6-8792-09e9168feaee&attest=6lgoRlEKiJztLPR8v9GZN16iyG29XbtmCwCVd8NwvvA
[info] 
[info] 3. Paste or enter the authorization code below once you have it:
[info] 
